c:\users\lenovo\documents\visual studio 2012\projects\newproject\newproject\debug\vc110.pdb
c:\users\lenovo\documents\visual studio 2012\projects\newproject\newproject\debug\source.obj
c:\users\lenovo\documents\visual studio 2012\projects\newproject\debug\newproject.ilk
c:\users\lenovo\documents\visual studio 2012\projects\newproject\debug\newproject.exe
c:\users\lenovo\documents\visual studio 2012\projects\newproject\debug\newproject.pdb
c:\users\user\desktop\newproject\newproject\debug\vc140.pdb
c:\users\user\desktop\newproject\newproject\debug\vc140.idb
c:\users\user\desktop\newproject\newproject\debug\source.obj
c:\users\user\desktop\newproject\debug\newproject.ilk
c:\users\user\desktop\newproject\debug\newproject.exe
c:\users\user\desktop\newproject\debug\newproject.pdb
c:\users\user\desktop\newproject\newproject\debug\cl.command.1.tlog
c:\users\user\desktop\newproject\newproject\debug\cl.read.1.tlog
c:\users\user\desktop\newproject\newproject\debug\cl.write.1.tlog
c:\users\user\desktop\newproject\newproject\debug\link-cvtres.read.1.tlog
c:\users\user\desktop\newproject\newproject\debug\link-cvtres.write.1.tlog
c:\users\user\desktop\newproject\newproject\debug\link-rc.read.1.tlog
c:\users\user\desktop\newproject\newproject\debug\link-rc.write.1.tlog
c:\users\user\desktop\newproject\newproject\debug\link.command.1.tlog
c:\users\user\desktop\newproject\newproject\debug\link.read.1.tlog
c:\users\user\desktop\newproject\newproject\debug\link.write.1.tlog
c:\users\user\desktop\newproject\newproject\debug\vc110.idb
c:\users\user\desktop\newproject\newproject\debug\vc110.pdb
c:\users\user\desktop\newproject\newproject\debug\newproject.tlog\cl.command.1.tlog
c:\users\user\desktop\newproject\newproject\debug\newproject.tlog\cl.read.1.tlog
c:\users\user\desktop\newproject\newproject\debug\newproject.tlog\cl.write.1.tlog
c:\users\user\desktop\newproject\newproject\debug\newproject.tlog\link.command.1.tlog
c:\users\user\desktop\newproject\newproject\debug\newproject.tlog\link.read.1.tlog
c:\users\user\desktop\newproject\newproject\debug\newproject.tlog\link.write.1.tlog
